# JRE version: OpenJDK Runtime Environment Temurin-17.0.4.1+1 (17.0.4.1+1) (build 17.0.4.1+1)
# Java VM: OpenJDK 64-Bit Server VM Temurin-17.0.4.1+1 (17.0.4.1+1, mixed mode, emulated-client, tiered, compressed oops, compressed class ptrs, g1 gc, windows-amd64)
GC Precious Log:
 CPUs: 4 total, 4 available
 Memory: 8093M
 Large Page Support: Disabled
 NUMA Support: Disabled
 Compressed Oops: Enabled (32-bit)
 Heap Region Size: 1M
 Heap Min Capacity: 8M
 Heap Initial Capacity: 128M
 Heap Max Capacity: 2024M
 Pre-touch: Disabled
 Parallel Workers: 4
 Concurrent Workers: 1
 Concurrent Refinement Workers: 4
 Periodic GC: Disabled
Heap:
 garbage-first heap   total 92160K, used 68279K [0x0000000081800000, 0x0000000100000000)
  region size 1024K, 51 young (52224K), 5 survivors (5120K)
 Metaspace       used 63641K, committed 64064K, reserved 1105920K
  class space    used 8368K, committed 8576K, reserved 1048576K
GC Heap History (20 events):
Event: 4.348 GC heap before
{Heap before GC invocations=10 (full 0):
 garbage-first heap   total 74752K, used 52667K [0x0000000081800000, 0x0000000100000000)
  region size 1024K, 43 young (44032K), 3 survivors (3072K)
 Metaspace       used 33244K, committed 33600K, reserved 1081344K
  class space    used 4056K, committed 4224K, reserved 1048576K
}
Event: 4.363 GC heap after
{Heap after GC invocations=11 (full 0):
 garbage-first heap   total 74752K, used 13573K [0x0000000081800000, 0x0000000100000000)
  region size 1024K, 5 young (5120K), 5 survivors (5120K)
 Metaspace       used 33244K, committed 33600K, reserved 1081344K
  class space    used 4056K, committed 4224K, reserved 1048576K
}
Event: 4.900 GC heap before
{Heap before GC invocations=11 (full 0):
 garbage-first heap   total 74752K, used 38149K [0x0000000081800000, 0x0000000100000000)
  region size 1024K, 30 young (30720K), 5 survivors (5120K)
 Metaspace       used 35666K, committed 35968K, reserved 1081344K
  class space    used 4386K, committed 4544K, reserved 1048576K
}
Event: 4.915 GC heap after
{Heap after GC invocations=12 (full 0):
 garbage-first heap   total 74752K, used 14911K [0x0000000081800000, 0x0000000100000000)
  region size 1024K, 4 young (4096K), 4 survivors (4096K)
 Metaspace       used 35666K, committed 35968K, reserved 1081344K
  class space    used 4386K, committed 4544K, reserved 1048576K
}
Event: 5.409 GC heap before
{Heap before GC invocations=13 (full 0):
 garbage-first heap   total 61440K, used 47679K [0x0000000081800000, 0x0000000100000000)
  region size 1024K, 36 young (36864K), 4 survivors (4096K)
 Metaspace       used 38705K, committed 39040K, reserved 1089536K
  class space    used 4707K, committed 4864K, reserved 1048576K
}
Event: 5.423 GC heap after
{Heap after GC invocations=14 (full 0):
 garbage-first heap   total 61440K, used 16153K [0x0000000081800000, 0x0000000100000000)
  region size 1024K, 3 young (3072K), 3 survivors (3072K)
 Metaspace       used 38705K, committed 39040K, reserved 1089536K
  class space    used 4707K, committed 4864K, reserved 1048576K
}
Event: 5.436 GC heap before
{Heap before GC invocations=14 (full 0):
 garbage-first heap   total 61440K, used 16153K [0x0000000081800000, 0x0000000100000000)
  region size 1024K, 4 young (4096K), 3 survivors (3072K)
 Metaspace       used 38817K, committed 39168K, reserved 1089536K
  class space    used 4721K, committed 4864K, reserved 1048576K
}
Event: 5.444 GC heap after
{Heap after GC invocations=15 (full 0):
 garbage-first heap   total 73728K, used 16804K [0x0000000081800000, 0x0000000100000000)
  region size 1024K, 1 young (1024K), 1 survivors (1024K)
 Metaspace       used 38817K, committed 39168K, reserved 1089536K
  class space    used 4721K, committed 4864K, reserved 1048576K
}
Event: 5.968 GC heap before
{Heap before GC invocations=15 (full 0):
 garbage-first heap   total 73728K, used 58788K [0x0000000081800000, 0x0000000100000000)
  region size 1024K, 42 young (43008K), 1 survivors (1024K)
 Metaspace       used 43039K, committed 43392K, reserved 1089536K
  class space    used 5263K, committed 5440K, reserved 1048576K
}
Event: 5.972 GC heap after
{Heap after GC invocations=16 (full 0):
 garbage-first heap   total 73728K, used 17892K [0x0000000081800000, 0x0000000100000000)
  region size 1024K, 2 young (2048K), 2 survivors (2048K)
 Metaspace       used 43039K, committed 43392K, reserved 1089536K
  class space    used 5263K, committed 5440K, reserved 1048576K
}
Event: 6.465 GC heap before
{Heap before GC invocations=16 (full 0):
 garbage-first heap   total 73728K, used 58852K [0x0000000081800000, 0x0000000100000000)
  region size 1024K, 42 young (43008K), 2 survivors (2048K)
 Metaspace       used 46999K, committed 47360K, reserved 1097728K
  class space    used 5899K, committed 6080K, reserved 1048576K
}
Event: 6.469 GC heap after
{Heap after GC invocations=17 (full 0):
 garbage-first heap   total 73728K, used 18520K [0x0000000081800000, 0x0000000100000000)
  region size 1024K, 3 young (3072K), 3 survivors (3072K)
 Metaspace       used 46999K, committed 47360K, reserved 1097728K
  class space    used 5899K, committed 6080K, reserved 1048576K
}
Event: 6.950 GC heap before
{Heap before GC invocations=17 (full 0):
 garbage-first heap   total 73728K, used 59480K [0x0000000081800000, 0x0000000100000000)
  region size 1024K, 43 young (44032K), 3 survivors (3072K)
 Metaspace       used 51136K, committed 51520K, reserved 1097728K
  class space    used 6501K, committed 6656K, reserved 1048576K
}
Event: 6.955 GC heap after
{Heap after GC invocations=18 (full 0):
 garbage-first heap   total 73728K, used 19620K [0x0000000081800000, 0x0000000100000000)
  region size 1024K, 4 young (4096K), 4 survivors (4096K)
 Metaspace       used 51136K, committed 51520K, reserved 1097728K
  class space    used 6501K, committed 6656K, reserved 1048576K
}
Event: 7.490 GC heap before
{Heap before GC invocations=18 (full 0):
 garbage-first heap   total 73728K, used 59556K [0x0000000081800000, 0x0000000100000000)
  region size 1024K, 43 young (44032K), 4 survivors (4096K)
 Metaspace       used 54672K, committed 55040K, reserved 1097728K
  class space    used 7104K, committed 7296K, reserved 1048576K
}
Event: 7.496 GC heap after
{Heap after GC invocations=19 (full 0):
 garbage-first heap   total 73728K, used 20139K [0x0000000081800000, 0x0000000100000000)
  region size 1024K, 4 young (4096K), 4 survivors (4096K)
 Metaspace       used 54672K, committed 55040K, reserved 1097728K
  class space    used 7104K, committed 7296K, reserved 1048576K
}
Event: 8.045 GC heap before
{Heap before GC invocations=19 (full 0):
 garbage-first heap   total 73728K, used 60075K [0x0000000081800000, 0x0000000100000000)
  region size 1024K, 43 young (44032K), 4 survivors (4096K)
 Metaspace       used 58382K, committed 58816K, reserved 1105920K
  class space    used 7609K, committed 7808K, reserved 1048576K
}
Event: 8.054 GC heap after
{Heap after GC invocations=20 (full 0):
 garbage-first heap   total 73728K, used 21684K [0x0000000081800000, 0x0000000100000000)
  region size 1024K, 4 young (4096K), 4 survivors (4096K)
 Metaspace       used 58382K, committed 58816K, reserved 1105920K
  class space    used 7609K, committed 7808K, reserved 1048576K
}
Event: 8.537 GC heap before
{Heap before GC invocations=20 (full 0):
 garbage-first heap   total 73728K, used 56500K [0x0000000081800000, 0x0000000100000000)
  region size 1024K, 39 young (39936K), 4 survivors (4096K)
 Metaspace       used 59974K, committed 60288K, reserved 1105920K
  class space    used 7851K, committed 8000K, reserved 1048576K
}
Event: 8.546 GC heap after
{Heap after GC invocations=21 (full 0):
 garbage-first heap   total 147456K, used 23223K [0x0000000081800000, 0x0000000100000000)
  region size 1024K, 5 young (5120K), 5 survivors (5120K)
 Metaspace       used 59974K, committed 60288K, reserved 1105920K
  class space    used 7851K, committed 8000K, reserved 1048576K
}

